<?xml version="1.0" encoding="UTF-8"?>
<!-- Generated by org.testng.reporters.JUnitXMLReporter -->
<testsuite ignored="3" hostname="Asim_PC" failures="0" tests="1" name="Default test" time="0.041" errors="0" timestamp="2025-07-20T21:17:39 IST">
  <testcase classname="TestNg.TestNgPractice.IgnoreTests" name="test2" time="0.007"/>
  <testcase classname="TestNg.TestNgPractice.IgnoreTests" name="test1" time="0.0">
    <ignored/>
  </testcase> <!-- test1 -->
  <testcase classname="TestNg.TestNgPractice.IgnoreEntireClass" name="test2" time="0.0">
    <ignored/>
  </testcase> <!-- test2 -->
  <testcase classname="TestNg.TestNgPractice.IgnoreEntireClass" name="test1" time="0.0">
    <ignored/>
  </testcase> <!-- test1 -->
</testsuite> <!-- Default test -->
