<?xml version="1.0" encoding="UTF-8"?>
<!-- Generated by org.testng.reporters.JUnitXMLReporter -->
<testsuite ignored="0" hostname="Asim_PC" failures="0" tests="3" name="Default test" time="0.047" errors="0" timestamp="2025-07-18T23:54:58 IST">
  <testcase classname="ParametersInTestNg.DataProvidersExample" name="getPersonalInfo" time="0.005"/>
  <testcase classname="ParametersInTestNg.DataProvidersExample" name="getPersonalInfo" time="0.001"/>
  <testcase classname="ParametersInTestNg.DataProvidersExample" name="getPersonalInfo" time="0.0"/>
</testsuite> <!-- Default test -->
