<?xml version="1.0" encoding="UTF-8"?>
<!-- Generated by org.testng.reporters.JUnitXMLReporter -->
<testsuite ignored="0" hostname="Asim_PC" failures="0" tests="5" name="ParametersFromTestNgXmlExample" time="0.123" errors="0" timestamp="2025-07-18T23:27:34 IST">
  <testcase classname="ParametersInTestNg.ParametersFromTestNgXmlExample" name="testMethod1" time="0.008"/>
  <testcase classname="ParametersInTestNg.ParametersFromTestNgXmlExample" name="testMethod2" time="0.002"/>
  <testcase classname="ParametersInTestNg.DataProvidersExample" name="getPersonalInfo" time="0.004"/>
  <testcase classname="ParametersInTestNg.DataProvidersExample" name="getPersonalInfo" time="0.002"/>
  <testcase classname="ParametersInTestNg.DataProvidersExample" name="getPersonalInfo" time="0.002"/>
</testsuite> <!-- ParametersFromTestNgXmlExample -->
