<?xml version="1.0" encoding="UTF-8"?>
<!-- Generated by org.testng.reporters.JUnitXMLReporter -->
<testsuite ignored="0" hostname="Asim_PC" failures="0" tests="2" name="paramsAnnotationExample" time="0.105" errors="0" timestamp="2025-07-18T22:56:05 IST">
  <testcase classname="ParametersInTestNg.ParametersFromTestNgXmlExample" name="testMethod1" time="0.008"/>
  <testcase classname="ParametersInTestNg.ParametersFromTestNgXmlExample" name="testMethod2" time="0.003"/>
</testsuite> <!-- paramsAnnotationExample -->
