<?xml version="1.0" encoding="UTF-8"?>
<!-- Generated by org.testng.reporters.JUnitXMLReporter -->
<testsuite ignored="1" hostname="Asim_PC" failures="0" tests="3" name="demoTest" time="0.01" errors="0" timestamp="2025-07-15T23:20:04 IST">
  <testcase classname="TestNg.TestNgPractice.TestNgAnnotations" name="test1" time="0.001"/>
  <testcase classname="TestNg.TestNgPractice.TestNgAnnotations" name="test3" time="0.001"/>
  <testcase classname="TestNg.TestNgPractice.TestNgAnnotations" name="test4" time="0.001"/>
  <testcase classname="TestNg.TestNgPractice.TestNgAnnotations" name="test2" time="0.0">
    <ignored/>
  </testcase> <!-- test2 -->
</testsuite> <!-- demoTest -->
