<?xml version="1.0" encoding="UTF-8"?>
<!-- Generated by org.testng.reporters.JUnitXMLReporter -->
<testsuite ignored="3" hostname="Asim_PC" failures="0" tests="0" time="0.02" errors="0" timestamp="2025-07-17T00:10:45 IST">
  <testcase classname="TestNg.TestNgPractice.TestGroups" name="testMethod2" time="0.0">
    <ignored/>
  </testcase> <!-- testMethod2 -->
  <testcase classname="TestNg.TestNgPractice.TestGroups" name="testMethod1" time="0.0">
    <ignored/>
  </testcase> <!-- testMethod1 -->
  <testcase classname="TestNg.TestNgPractice.TestGroups" name="testMethod3" time="0.0">
    <ignored/>
  </testcase> <!-- testMethod3 -->
</testsuite>
