<?xml version="1.0" encoding="UTF-8"?>
<!-- Generated by org.testng.reporters.JUnitXMLReporter -->
<testsuite ignored="0" hostname="Asim_PC" failures="0" tests="3" name="Test" time="0.117" errors="0" timestamp="2025-07-20T18:03:25 IST">
  <testcase classname="Dependancies.GroupDependanciesInTestNgXml" name="test2" time="0.015"/>
  <testcase classname="Dependancies.GroupDependanciesInTestNgXml" name="test3" time="0.004"/>
  <testcase classname="Dependancies.GroupDependanciesInTestNgXml" name="test1" time="0.002"/>
</testsuite> <!-- Test -->
