<?xml version="1.0" encoding="UTF-8"?>
<!-- Generated by org.testng.reporters.JUnitXMLReporter -->
<testsuite ignored="0" hostname="Asim_PC" failures="0" tests="5" name="TestNgExecutionListener" time="0.129" errors="0" timestamp="2025-08-02T20:49:54 IST">
  <testcase classname="Listeners.Test_DisableListnerInAclass" name="test1" time="0.014"/>
  <testcase classname="Listeners.Test_DisableListnerInAclass" name="test2" time="0.002"/>
  <testcase classname="Listeners.MyIExecutionListener_Test" name="executionListenertest1" time="0.002"/>
  <testcase classname="Listeners.MyIInvokedMethodListener_Test" name="invokedMethodListenerTest1" time="0.003"/>
  <testcase classname="Listeners.MyISuiteListener_Test" name="suiteListenerTest" time="0.002"/>
</testsuite> <!-- TestNgExecutionListener -->
