<?xml version="1.0" encoding="UTF-8"?>
<testng-results ignored="0" total="0" passed="0" failed="0" skipped="0">
  <reporter-output>
  </reporter-output>
  <suite started-at="2025-08-02T21:26:10 IST" name="alterSuiteListenerSuite" finished-at="2025-08-02T21:26:10 IST" duration-ms="29">
    <groups>
    </groups>
    <test started-at="2025-08-02T21:26:10 IST" name="TestNgExecutionListener" finished-at="2025-08-02T21:26:10 IST" duration-ms="29">
    </test> <!-- TestNgExecutionListener -->
  </suite> <!-- alterSuiteListenerSuite -->
</testng-results>
