<?xml version="1.0" encoding="UTF-8"?>
<testng-results ignored="0" total="2" passed="2" failed="0" skipped="0">
  <reporter-output>
  </reporter-output>
  <suite started-at="2025-07-20T11:19:07 IST" name="Suite" finished-at="2025-07-20T11:19:07 IST" duration-ms="117">
    <groups>
      <group name="group2">
        <method signature="GroupsOfGroups.testMethod1()[pri:0, instance:testGroups.GroupsOfGroups@31fa1761]" name="testMethod1" class="testGroups.GroupsOfGroups"/>
        <method signature="GroupsOfGroups.testMethod3()[pri:0, instance:testGroups.GroupsOfGroups@31fa1761]" name="testMethod3" class="testGroups.GroupsOfGroups"/>
      </group> <!-- group2 -->
    </groups>
    <test started-at="2025-07-20T11:19:07 IST" name="Test" finished-at="2025-07-20T11:19:07 IST" duration-ms="117">
      <class name="testGroups.GroupsOfGroups">
        <test-method is-config="true" signature="beforeGroups()[pri:0, instance:testGroups.GroupsOfGroups@31fa1761]" started-at="2025-07-20T11:19:07 IST" name="beforeGroups" finished-at="2025-07-20T11:19:07 IST" duration-ms="10" status="PASS">
          <reporter-output>
          </reporter-output>
        </test-method> <!-- beforeGroups -->
        <test-method signature="testMethod1()[pri:0, instance:testGroups.GroupsOfGroups@31fa1761]" started-at="2025-07-20T11:19:07 IST" name="testMethod1" finished-at="2025-07-20T11:19:07 IST" duration-ms="10" status="PASS">
          <reporter-output>
          </reporter-output>
        </test-method> <!-- testMethod1 -->
        <test-method signature="testMethod3()[pri:0, instance:testGroups.GroupsOfGroups@31fa1761]" started-at="2025-07-20T11:19:07 IST" name="testMethod3" finished-at="2025-07-20T11:19:07 IST" duration-ms="2" status="PASS">
          <reporter-output>
          </reporter-output>
        </test-method> <!-- testMethod3 -->
      </class> <!-- testGroups.GroupsOfGroups -->
    </test> <!-- Test -->
  </suite> <!-- Suite -->
</testng-results>
