<?xml version="1.0" encoding="UTF-8"?>
<!-- Generated by org.testng.reporters.JUnitXMLReporter -->
<testsuite ignored="0" hostname="Asim_PC" failures="2" tests="3" name="test" time="0.054" errors="0" timestamp="2025-07-20T21:12:18 IST">
  <testcase classname="TestNg.TestNgPractice.TestClass" name="test1" time="0.0">
    <failure type="org.testng.TestNGException" message="
Cannot inject @Test annotated Method [test1] with [class java.lang.String].
For more information on native dependency injection please refer to https://testng.org/#_dependency_injection">
      <![CDATA[org.testng.TestNGException: 
Cannot inject @Test annotated Method [test1] with [class java.lang.String].
For more information on native dependency injection please refer to https://testng.org/#_dependency_injection
at java.base/java.util.ArrayList.forEach(ArrayList.java:1511)
... Removed 26 stack frames]]>
    </failure>
  </testcase> <!-- test1 -->
  <testcase classname="TestNg.TestNgPractice.TestClass" name="test2" time="0.001"/>
  <testcase classname="TestNg.TestNgPractice.TestClass" name="test3" time="0.0">
    <failure type="org.testng.TestNGException" message="
Cannot inject @Test annotated Method [test3] with [class java.lang.String].
For more information on native dependency injection please refer to https://testng.org/#_dependency_injection">
      <![CDATA[org.testng.TestNGException: 
Cannot inject @Test annotated Method [test3] with [class java.lang.String].
For more information on native dependency injection please refer to https://testng.org/#_dependency_injection
at java.base/java.util.ArrayList.forEach(ArrayList.java:1511)
... Removed 26 stack frames]]>
    </failure>
  </testcase> <!-- test3 -->
</testsuite> <!-- test -->
